<?xml version="1.0" encoding="UTF-8"?>
<!-- Generated by org.testng.reporters.JUnitReportReporter -->
<testsuite skipped="0" hostname="admin-PC" name="First_DataDriver.Login" tests="2" failures="0" timestamp="26 Sep 2020 15:44:42 GMT" time="6.552" errors="0">
  <testcase name="AccessData" time="4.212" classname="First_DataDriver.Login"/>
  <testcase name="EnterData" time="2.340" classname="First_DataDriver.Login"/>
</testsuite> <!-- First_DataDriver.Login -->
