<?xml version="1.0" encoding="UTF-8"?>
<!-- Generated by org.testng.reporters.JUnitReportReporter -->
<testsuite skipped="0" hostname="admin-PC" name="Login" tests="2" failures="0" timestamp="11 Apr 2020 03:57:28 GMT" time="7.614" errors="0">
  <testcase name="AccessData" time="4.330" classname="Login"/>
  <testcase name="EnterData" time="3.284" classname="Login"/>
</testsuite> <!-- Login -->
